0 info it worked if it ends with ok
1 verbose cli [ '/usr/local/bin/node', '/usr/local/bin/npm', 'start' ]
2 info using npm@3.5.3
3 info using node@v5.4.0
4 verbose run-script [ 'prestart', 'start', 'poststart' ]
5 info lifecycle node@0.0.0~prestart: node@0.0.0
6 silly lifecycle node@0.0.0~prestart: no script for prestart, continuing
7 info lifecycle node@0.0.0~start: node@0.0.0
8 verbose lifecycle node@0.0.0~start: unsafe-perm in lifecycle true
9 verbose lifecycle node@0.0.0~start: PATH: /usr/local/lib/node_modules/npm/bin/node-gyp-bin:/media/gpeterso/Document-Storage/Development-Repositories/git/clients/gerikpeterson/src/main/node/node_modules/.bin:/usr/local/sbin:/usr/local/bin:/usr/sbin:/usr/bin:/sbin:/bin:/usr/games:/usr/local/games
10 verbose lifecycle node@0.0.0~start: CWD: /media/gpeterso/Document-Storage/Development-Repositories/git/clients/gerikpeterson/src/main/node
11 silly lifecycle node@0.0.0~start: Args: [ '-c', '. gerikpeterson.sh' ]
12 silly lifecycle node@0.0.0~start: Returned: code: 2  signal: null
13 info lifecycle node@0.0.0~start: Failed to exec start script
14 verbose stack Error: node@0.0.0 start: `. gerikpeterson.sh`
14 verbose stack Exit status 2
14 verbose stack     at EventEmitter.<anonymous> (/usr/local/lib/node_modules/npm/lib/utils/lifecycle.js:232:16)
14 verbose stack     at emitTwo (events.js:87:13)
14 verbose stack     at EventEmitter.emit (events.js:172:7)
14 verbose stack     at ChildProcess.<anonymous> (/usr/local/lib/node_modules/npm/lib/utils/spawn.js:24:14)
14 verbose stack     at emitTwo (events.js:87:13)
14 verbose stack     at ChildProcess.emit (events.js:172:7)
14 verbose stack     at maybeClose (internal/child_process.js:821:16)
14 verbose stack     at Process.ChildProcess._handle.onexit (internal/child_process.js:211:5)
15 verbose pkgid node@0.0.0
16 verbose cwd /media/gpeterso/Document-Storage/Development-Repositories/git/clients/gerikpeterson/src/main/node
17 error Linux 4.2.0-23-generic
18 error argv "/usr/local/bin/node" "/usr/local/bin/npm" "start"
19 error node v5.4.0
20 error npm  v3.5.3
21 error code ELIFECYCLE
22 error node@0.0.0 start: `. gerikpeterson.sh`
22 error Exit status 2
23 error Failed at the node@0.0.0 start script '. gerikpeterson.sh'.
23 error Make sure you have the latest version of node.js and npm installed.
23 error If you do, this is most likely a problem with the node package,
23 error not with npm itself.
23 error Tell the author that this fails on your system:
23 error     . gerikpeterson.sh
23 error You can get information on how to open an issue for this project with:
23 error     npm bugs node
23 error Or if that isn't available, you can get their info via:
23 error     npm owner ls node
23 error There is likely additional logging output above.
24 verbose exit [ 1, true ]
